<testsuites id="" name="" tests="1" failures="1" skipped="0" errors="0" time="8.360087000000002">
<testsuite name="overlay.spec.js" timestamp="2026-01-15T05:36:28.100Z" hostname="chromium" tests="1" failures="1" skipped="0" time="5.996" errors="0">
<testcase name="Streaming Overlay › should handle chat overlay integration" classname="overlay.spec.js" time="5.996">
<failure message="overlay.spec.js:249:3 should handle chat overlay integration" type="FAILURE">
<![CDATA[  [chromium] › overlay.spec.js:249:3 › Streaming Overlay › should handle chat overlay integration ──

    Error: expect(locator).toBeVisible() failed

    Locator: locator('.chat-overlay')
    Expected: visible
    Timeout: 5000ms
    Error: element(s) not found

    Call log:
      - Expect "toBeVisible" with timeout 5000ms
      - waiting for locator('.chat-overlay')


      251 |     
      252 |     // Check chat overlay
    > 253 |     await expect(page.locator('.chat-overlay')).toBeVisible();
          |                                                 ^
      254 |     
      255 |     // Simulate chat message
      256 |     await page.evaluate(() => {
        at C:\Users\merce\Documents\poker-game\tests\e2e\overlay.spec.js:253:49

    attachment #1: screenshot (image/png) ──────────────────────────────────────────────────────────
    ..\..\test-results\overlay-Streaming-Overlay--bc05b-le-chat-overlay-integration-chromium\test-failed-1.png
    ────────────────────────────────────────────────────────────────────────────────────────────────

    attachment #2: video (video/webm) ──────────────────────────────────────────────────────────────
    ..\..\test-results\overlay-Streaming-Overlay--bc05b-le-chat-overlay-integration-chromium\video.webm
    ────────────────────────────────────────────────────────────────────────────────────────────────

    Error Context: ..\..\test-results\overlay-Streaming-Overlay--bc05b-le-chat-overlay-integration-chromium\error-context.md
]]>
</failure>
<system-out>
<![CDATA[
[[ATTACHMENT|..\test-results\overlay-Streaming-Overlay--bc05b-le-chat-overlay-integration-chromium\test-failed-1.png]]

[[ATTACHMENT|..\test-results\overlay-Streaming-Overlay--bc05b-le-chat-overlay-integration-chromium\video.webm]]

[[ATTACHMENT|..\test-results\overlay-Streaming-Overlay--bc05b-le-chat-overlay-integration-chromium\error-context.md]]
]]>
</system-out>
</testcase>
</testsuite>
</testsuites>