<testsuites id="" name="" tests="234" failures="222" skipped="0" errors="0" time="553.2380840000001">
<testsuite name="admin.spec.js" timestamp="2026-01-15T04:50:17.637Z" hostname="chromium" tests="24" failures="24" skipped="0" time="315.165" errors="0">
<testcase name="Admin Authentication › should require admin login" classname="admin.spec.js" time="7.202">
<failure message="admin.spec.js:9:3 should require admin login" type="FAILURE">
<![CDATA[  [chromium] › admin.spec.js:9:3 › Admin Authentication › should require admin login ───────────────

    Error: expect(page).toHaveURL(expected) failed

    Expected pattern: /admin\/login/
    Received string:  "http://localhost:8080/admin"
    Timeout: 5000ms

    Call log:
      - Expect "toHaveURL" with timeout 5000ms
        8 × unexpected value "http://localhost:8080/admin"


      11 |     
      12 |     // Should redirect to admin login
    > 13 |     await expect(page).toHaveURL(/admin\/login/);
         |                        ^
      14 |     
      15 |     // Check login form
      16 |     await expect(page.locator('input[name="username"]')).toBeVisible();
        at C:\Users\merce\Documents\poker-game\tests\e2e\admin.spec.js:13:24

    attachment #1: screenshot (image/png) ──────────────────────────────────────────────────────────
    ..\..\test-results\admin-Admin-Authentication-should-require-admin-login-chromium\test-failed-1.png
    ────────────────────────────────────────────────────────────────────────────────────────────────

    attachment #2: video (video/webm) ──────────────────────────────────────────────────────────────
    ..\..\test-results\admin-Admin-Authentication-should-require-admin-login-chromium\video.webm
    ────────────────────────────────────────────────────────────────────────────────────────────────

    Error Context: ..\..\test-results\admin-Admin-Authentication-should-require-admin-login-chromium\error-context.md
]]>
</failure>
<system-out>
<![CDATA[
[[ATTACHMENT|..\test-results\admin-Admin-Authentication-should-require-admin-login-chromium\test-failed-1.png]]

[[ATTACHMENT|..\test-results\admin-Admin-Authentication-should-require-admin-login-chromium\video.webm]]

[[ATTACHMENT|..\test-results\admin-Admin-Authentication-should-require-admin-login-chromium\error-context.md]]
]]>
</system-out>
</testcase>
<testcase name="Admin Authentication › should login with admin credentials" classname="admin.spec.js" time="14.189">
<failure message="admin.spec.js:21:3 should login with admin credentials" type="FAILURE">
<![CDATA[  [chromium] › admin.spec.js:21:3 › Admin Authentication › should login with admin credentials ─────

    TimeoutError: page.fill: Timeout 10000ms exceeded.
    Call log:
      - waiting for locator('input[name="username"]')


      23 |     
      24 |     // Fill admin credentials
    > 25 |     await page.fill('input[name="username"]', 'admin');
         |                ^
      26 |     await page.fill('input[name="password"]', 'adminpass');
      27 |     await page.click('button[type="submit"]');
      28 |     
        at C:\Users\merce\Documents\poker-game\tests\e2e\admin.spec.js:25:16

    attachment #1: screenshot (image/png) ──────────────────────────────────────────────────────────
    ..\..\test-results\admin-Admin-Authentication-98bd5-ogin-with-admin-credentials-chromium\test-failed-1.png
    ────────────────────────────────────────────────────────────────────────────────────────────────

    attachment #2: video (video/webm) ──────────────────────────────────────────────────────────────
    ..\..\test-results\admin-Admin-Authentication-98bd5-ogin-with-admin-credentials-chromium\video.webm
    ────────────────────────────────────────────────────────────────────────────────────────────────

    Error Context: ..\..\test-results\admin-Admin-Authentication-98bd5-ogin-with-admin-credentials-chromium\error-context.md
]]>
</failure>
<system-out>
<![CDATA[
[[ATTACHMENT|..\test-results\admin-Admin-Authentication-98bd5-ogin-with-admin-credentials-chromium\test-failed-1.png]]

[[ATTACHMENT|..\test-results\admin-Admin-Authentication-98bd5-ogin-with-admin-credentials-chromium\video.webm]]

[[ATTACHMENT|..\test-results\admin-Admin-Authentication-98bd5-ogin-with-admin-credentials-chromium\error-context.md]]
]]>
</system-out>
</testcase>
<testcase name="Admin Authentication › should reject non-admin users" classname="admin.spec.js" time="13.977">
<failure message="admin.spec.js:33:3 should reject non-admin users" type="FAILURE">
<![CDATA[  [chromium] › admin.spec.js:33:3 › Admin Authentication › should reject non-admin users ───────────

    TimeoutError: page.fill: Timeout 10000ms exceeded.
    Call log:
      - waiting for locator('input[name="username"]')


      35 |     
      36 |     // Try regular user credentials
    > 37 |     await page.fill('input[name="username"]', 'user');
         |                ^
      38 |     await page.fill('input[name="password"]', 'userpass');
      39 |     await page.click('button[type="submit"]');
      40 |     
        at C:\Users\merce\Documents\poker-game\tests\e2e\admin.spec.js:37:16

    attachment #1: screenshot (image/png) ──────────────────────────────────────────────────────────
    ..\..\test-results\admin-Admin-Authentication-should-reject-non-admin-users-chromium\test-failed-1.png
    ────────────────────────────────────────────────────────────────────────────────────────────────

    attachment #2: video (video/webm) ──────────────────────────────────────────────────────────────
    ..\..\test-results\admin-Admin-Authentication-should-reject-non-admin-users-chromium\video.webm
    ────────────────────────────────────────────────────────────────────────────────────────────────

    Error Context: ..\..\test-results\admin-Admin-Authentication-should-reject-non-admin-users-chromium\error-context.md
]]>
</failure>
<system-out>
<![CDATA[
[[ATTACHMENT|..\test-results\admin-Admin-Authentication-should-reject-non-admin-users-chromium\test-failed-1.png]]

[[ATTACHMENT|..\test-results\admin-Admin-Authentication-should-reject-non-admin-users-chromium\video.webm]]

[[ATTACHMENT|..\test-results\admin-Admin-Authentication-should-reject-non-admin-users-chromium\error-context.md]]
]]>
</system-out>
</testcase>
<testcase name="Admin Dashboard › should display dashboard correctly" classname="admin.spec.js" time="14.284">
<failure message="admin.spec.js:56:3 should display dashboard correctly" type="FAILURE">
<![CDATA[  [chromium] › admin.spec.js:56:3 › Admin Dashboard › should display dashboard correctly ───────────

    TimeoutError: page.fill: Timeout 10000ms exceeded.
    Call log:
      - waiting for locator('input[name="username"]')


      48 |     // Login as admin
      49 |     await page.goto('/admin/login');
    > 50 |     await page.fill('input[name="username"]', 'admin');
         |                ^
      51 |     await page.fill('input[name="password"]', 'adminpass');
      52 |     await page.click('button[type="submit"]');
      53 |     await page.waitForURL(/admin\/dashboard/);
        at C:\Users\merce\Documents\poker-game\tests\e2e\admin.spec.js:50:16

    attachment #1: screenshot (image/png) ──────────────────────────────────────────────────────────
    ..\..\test-results\admin-Admin-Dashboard-should-display-dashboard-correctly-chromium\test-failed-1.png
    ────────────────────────────────────────────────────────────────────────────────────────────────

    attachment #2: video (video/webm) ──────────────────────────────────────────────────────────────
    ..\..\test-results\admin-Admin-Dashboard-should-display-dashboard-correctly-chromium\video.webm
    ────────────────────────────────────────────────────────────────────────────────────────────────

    Error Context: ..\..\test-results\admin-Admin-Dashboard-should-display-dashboard-correctly-chromium\error-context.md
]]>
</failure>
<system-out>
<![CDATA[
[[ATTACHMENT|..\test-results\admin-Admin-Dashboard-should-display-dashboard-correctly-chromium\test-failed-1.png]]

[[ATTACHMENT|..\test-results\admin-Admin-Dashboard-should-display-dashboard-correctly-chromium\video.webm]]

[[ATTACHMENT|..\test-results\admin-Admin-Dashboard-should-display-dashboard-correctly-chromium\error-context.md]]
]]>
</system-out>
</testcase>
<testcase name="Admin Dashboard › should show system statistics" classname="admin.spec.js" time="14.375">
<failure message="admin.spec.js:66:3 should show system statistics" type="FAILURE">
<![CDATA[  [chromium] › admin.spec.js:66:3 › Admin Dashboard › should show system statistics ────────────────

    TimeoutError: page.fill: Timeout 10000ms exceeded.
    Call log:
      - waiting for locator('input[name="username"]')


      48 |     // Login as admin
      49 |     await page.goto('/admin/login');
    > 50 |     await page.fill('input[name="username"]', 'admin');
         |                ^
      51 |     await page.fill('input[name="password"]', 'adminpass');
      52 |     await page.click('button[type="submit"]');
      53 |     await page.waitForURL(/admin\/dashboard/);
        at C:\Users\merce\Documents\poker-game\tests\e2e\admin.spec.js:50:16

    attachment #1: screenshot (image/png) ──────────────────────────────────────────────────────────
    ..\..\test-results\admin-Admin-Dashboard-should-show-system-statistics-chromium\test-failed-1.png
    ────────────────────────────────────────────────────────────────────────────────────────────────

    attachment #2: video (video/webm) ──────────────────────────────────────────────────────────────
    ..\..\test-results\admin-Admin-Dashboard-should-show-system-statistics-chromium\video.webm
    ────────────────────────────────────────────────────────────────────────────────────────────────

    Error Context: ..\..\test-results\admin-Admin-Dashboard-should-show-system-statistics-chromium\error-context.md
]]>
</failure>
<system-out>
<![CDATA[
[[ATTACHMENT|..\test-results\admin-Admin-Dashboard-should-show-system-statistics-chromium\test-failed-1.png]]

[[ATTACHMENT|..\test-results\admin-Admin-Dashboard-should-show-system-statistics-chromium\video.webm]]

[[ATTACHMENT|..\test-results\admin-Admin-Dashboard-should-show-system-statistics-chromium\error-context.md]]
]]>
</system-out>
</testcase>
<testcase name="Admin Dashboard › should navigate between admin sections" classname="admin.spec.js" time="14.266">
<failure message="admin.spec.js:74:3 should navigate between admin sections" type="FAILURE">
<![CDATA[  [chromium] › admin.spec.js:74:3 › Admin Dashboard › should navigate between admin sections ───────

    TimeoutError: page.fill: Timeout 10000ms exceeded.
    Call log:
      - waiting for locator('input[name="username"]')


      48 |     // Login as admin
      49 |     await page.goto('/admin/login');
    > 50 |     await page.fill('input[name="username"]', 'admin');
         |                ^
      51 |     await page.fill('input[name="password"]', 'adminpass');
      52 |     await page.click('button[type="submit"]');
      53 |     await page.waitForURL(/admin\/dashboard/);
        at C:\Users\merce\Documents\poker-game\tests\e2e\admin.spec.js:50:16

    attachment #1: screenshot (image/png) ──────────────────────────────────────────────────────────
    ..\..\test-results\admin-Admin-Dashboard-should-navigate-between-admin-sections-chromium\test-failed-1.png
    ────────────────────────────────────────────────────────────────────────────────────────────────

    attachment #2: video (video/webm) ──────────────────────────────────────────────────────────────
    ..\..\test-results\admin-Admin-Dashboard-should-navigate-between-admin-sections-chromium\video.webm
    ────────────────────────────────────────────────────────────────────────────────────────────────

    Error Context: ..\..\test-results\admin-Admin-Dashboard-should-navigate-between-admin-sections-chromium\error-context.md
]]>
</failure>
<system-out>
<![CDATA[
[[ATTACHMENT|..\test-results\admin-Admin-Dashboard-should-navigate-between-admin-sections-chromium\test-failed-1.png]]

[[ATTACHMENT|..\test-results\admin-Admin-Dashboard-should-navigate-between-admin-sections-chromium\video.webm]]

[[ATTACHMENT|..\test-results\admin-Admin-Dashboard-should-navigate-between-admin-sections-chromium\error-context.md]]
]]>
</system-out>
</testcase>
<testcase name="Admin Dashboard › should handle user management" classname="admin.spec.js" time="14.172">
<failure message="admin.spec.js:86:3 should handle user management" type="FAILURE">
<![CDATA[  [chromium] › admin.spec.js:86:3 › Admin Dashboard › should handle user management ────────────────

    TimeoutError: page.fill: Timeout 10000ms exceeded.
    Call log:
      - waiting for locator('input[name="username"]')


      48 |     // Login as admin
      49 |     await page.goto('/admin/login');
    > 50 |     await page.fill('input[name="username"]', 'admin');
         |                ^
      51 |     await page.fill('input[name="password"]', 'adminpass');
      52 |     await page.click('button[type="submit"]');
      53 |     await page.waitForURL(/admin\/dashboard/);
        at C:\Users\merce\Documents\poker-game\tests\e2e\admin.spec.js:50:16

    attachment #1: screenshot (image/png) ──────────────────────────────────────────────────────────
    ..\..\test-results\admin-Admin-Dashboard-should-handle-user-management-chromium\test-failed-1.png
    ────────────────────────────────────────────────────────────────────────────────────────────────

    attachment #2: video (video/webm) ──────────────────────────────────────────────────────────────
    ..\..\test-results\admin-Admin-Dashboard-should-handle-user-management-chromium\video.webm
    ────────────────────────────────────────────────────────────────────────────────────────────────

    Error Context: ..\..\test-results\admin-Admin-Dashboard-should-handle-user-management-chromium\error-context.md
]]>
</failure>
<system-out>
<![CDATA[
[[ATTACHMENT|..\test-results\admin-Admin-Dashboard-should-handle-user-management-chromium\test-failed-1.png]]

[[ATTACHMENT|..\test-results\admin-Admin-Dashboard-should-handle-user-management-chromium\video.webm]]

[[ATTACHMENT|..\test-results\admin-Admin-Dashboard-should-handle-user-management-chromium\error-context.md]]
]]>
</system-out>
</testcase>
<testcase name="Admin Dashboard › should handle game management" classname="admin.spec.js" time="14.142">
<failure message="admin.spec.js:110:3 should handle game management" type="FAILURE">
<![CDATA[  [chromium] › admin.spec.js:110:3 › Admin Dashboard › should handle game management ───────────────

    TimeoutError: page.fill: Timeout 10000ms exceeded.
    Call log:
      - waiting for locator('input[name="username"]')


      48 |     // Login as admin
      49 |     await page.goto('/admin/login');
    > 50 |     await page.fill('input[name="username"]', 'admin');
         |                ^
      51 |     await page.fill('input[name="password"]', 'adminpass');
      52 |     await page.click('button[type="submit"]');
      53 |     await page.waitForURL(/admin\/dashboard/);
        at C:\Users\merce\Documents\poker-game\tests\e2e\admin.spec.js:50:16

    attachment #1: screenshot (image/png) ──────────────────────────────────────────────────────────
    ..\..\test-results\admin-Admin-Dashboard-should-handle-game-management-chromium\test-failed-1.png
    ────────────────────────────────────────────────────────────────────────────────────────────────

    attachment #2: video (video/webm) ──────────────────────────────────────────────────────────────
    ..\..\test-results\admin-Admin-Dashboard-should-handle-game-management-chromium\video.webm
    ────────────────────────────────────────────────────────────────────────────────────────────────

    Error Context: ..\..\test-results\admin-Admin-Dashboard-should-handle-game-management-chromium\error-context.md
]]>
</failure>
<system-out>
<![CDATA[
[[ATTACHMENT|..\test-results\admin-Admin-Dashboard-should-handle-game-management-chromium\test-failed-1.png]]

[[ATTACHMENT|..\test-results\admin-Admin-Dashboard-should-handle-game-management-chromium\video.webm]]

[[ATTACHMENT|..\test-results\admin-Admin-Dashboard-should-handle-game-management-chromium\error-context.md]]
]]>
</system-out>
</testcase>
<testcase name="Admin Dashboard › should handle system settings" classname="admin.spec.js" time="11.344">
<failure message="admin.spec.js:131:3 should handle system settings" type="FAILURE">
<![CDATA[  [chromium] › admin.spec.js:131:3 › Admin Dashboard › should handle system settings ───────────────

    TimeoutError: page.fill: Timeout 10000ms exceeded.
    Call log:
      - waiting for locator('input[name="username"]')


      48 |     // Login as admin
      49 |     await page.goto('/admin/login');
    > 50 |     await page.fill('input[name="username"]', 'admin');
         |                ^
      51 |     await page.fill('input[name="password"]', 'adminpass');
      52 |     await page.click('button[type="submit"]');
      53 |     await page.waitForURL(/admin\/dashboard/);
        at C:\Users\merce\Documents\poker-game\tests\e2e\admin.spec.js:50:16

    attachment #1: screenshot (image/png) ──────────────────────────────────────────────────────────
    ..\..\test-results\admin-Admin-Dashboard-should-handle-system-settings-chromium\test-failed-1.png
    ────────────────────────────────────────────────────────────────────────────────────────────────

    attachment #2: video (video/webm) ──────────────────────────────────────────────────────────────
    ..\..\test-results\admin-Admin-Dashboard-should-handle-system-settings-chromium\video.webm
    ────────────────────────────────────────────────────────────────────────────────────────────────

    Error Context: ..\..\test-results\admin-Admin-Dashboard-should-handle-system-settings-chromium\error-context.md
]]>
</failure>
<system-out>
<![CDATA[
[[ATTACHMENT|..\test-results\admin-Admin-Dashboard-should-handle-system-settings-chromium\test-failed-1.png]]

[[ATTACHMENT|..\test-results\admin-Admin-Dashboard-should-handle-system-settings-chromium\video.webm]]

[[ATTACHMENT|..\test-results\admin-Admin-Dashboard-should-handle-system-settings-chromium\error-context.md]]
]]>
</system-out>
</testcase>
<testcase name="Admin Dashboard › should display real-time updates" classname="admin.spec.js" time="12.591">
<failure message="admin.spec.js:146:3 should display real-time updates" type="FAILURE">
<![CDATA[  [chromium] › admin.spec.js:146:3 › Admin Dashboard › should display real-time updates ────────────

    TimeoutError: page.fill: Timeout 10000ms exceeded.
    Call log:
      - waiting for locator('input[name="username"]')


      48 |     // Login as admin
      49 |     await page.goto('/admin/login');
    > 50 |     await page.fill('input[name="username"]', 'admin');
         |                ^
      51 |     await page.fill('input[name="password"]', 'adminpass');
      52 |     await page.click('button[type="submit"]');
      53 |     await page.waitForURL(/admin\/dashboard/);
        at C:\Users\merce\Documents\poker-game\tests\e2e\admin.spec.js:50:16

    attachment #1: screenshot (image/png) ──────────────────────────────────────────────────────────
    ..\..\test-results\admin-Admin-Dashboard-should-display-real-time-updates-chromium\test-failed-1.png
    ────────────────────────────────────────────────────────────────────────────────────────────────

    attachment #2: video (video/webm) ──────────────────────────────────────────────────────────────
    ..\..\test-results\admin-Admin-Dashboard-should-display-real-time-updates-chromium\video.webm
    ────────────────────────────────────────────────────────────────────────────────────────────────

    Error Context: ..\..\test-results\admin-Admin-Dashboard-should-display-real-time-updates-chromium\error-context.md
]]>
</failure>
<system-out>
<![CDATA[
[[ATTACHMENT|..\test-results\admin-Admin-Dashboard-should-display-real-time-updates-chromium\test-failed-1.png]]

[[ATTACHMENT|..\test-results\admin-Admin-Dashboard-should-display-real-time-updates-chromium\video.webm]]

[[ATTACHMENT|..\test-results\admin-Admin-Dashboard-should-display-real-time-updates-chromium\error-context.md]]
]]>
</system-out>
</testcase>
<testcase name="Admin Dashboard › should handle admin logging" classname="admin.spec.js" time="14.035">
<failure message="admin.spec.js:162:3 should handle admin logging" type="FAILURE">
<![CDATA[  [chromium] › admin.spec.js:162:3 › Admin Dashboard › should handle admin logging ─────────────────

    TimeoutError: page.fill: Timeout 10000ms exceeded.
    Call log:
      - waiting for locator('input[name="username"]')


      48 |     // Login as admin
      49 |     await page.goto('/admin/login');
    > 50 |     await page.fill('input[name="username"]', 'admin');
         |                ^
      51 |     await page.fill('input[name="password"]', 'adminpass');
      52 |     await page.click('button[type="submit"]');
      53 |     await page.waitForURL(/admin\/dashboard/);
        at C:\Users\merce\Documents\poker-game\tests\e2e\admin.spec.js:50:16

    attachment #1: screenshot (image/png) ──────────────────────────────────────────────────────────
    ..\..\test-results\admin-Admin-Dashboard-should-handle-admin-logging-chromium\test-failed-1.png
    ────────────────────────────────────────────────────────────────────────────────────────────────

    attachment #2: video (video/webm) ──────────────────────────────────────────────────────────────
    ..\..\test-results\admin-Admin-Dashboard-should-handle-admin-logging-chromium\video.webm
    ────────────────────────────────────────────────────────────────────────────────────────────────

    Error Context: ..\..\test-results\admin-Admin-Dashboard-should-handle-admin-logging-chromium\error-context.md
]]>
</failure>
<system-out>
<![CDATA[
[[ATTACHMENT|..\test-results\admin-Admin-Dashboard-should-handle-admin-logging-chromium\test-failed-1.png]]

[[ATTACHMENT|..\test-results\admin-Admin-Dashboard-should-handle-admin-logging-chromium\video.webm]]

[[ATTACHMENT|..\test-results\admin-Admin-Dashboard-should-handle-admin-logging-chromium\error-context.md]]
]]>
</system-out>
</testcase>
<testcase name="Admin Dashboard › should handle performance monitoring" classname="admin.spec.js" time="13.105">
<failure message="admin.spec.js:186:3 should handle performance monitoring" type="FAILURE">
<![CDATA[  [chromium] › admin.spec.js:186:3 › Admin Dashboard › should handle performance monitoring ────────

    TimeoutError: page.fill: Timeout 10000ms exceeded.
    Call log:
      - waiting for locator('input[name="username"]')


      48 |     // Login as admin
      49 |     await page.goto('/admin/login');
    > 50 |     await page.fill('input[name="username"]', 'admin');
         |                ^
      51 |     await page.fill('input[name="password"]', 'adminpass');
      52 |     await page.click('button[type="submit"]');
      53 |     await page.waitForURL(/admin\/dashboard/);
        at C:\Users\merce\Documents\poker-game\tests\e2e\admin.spec.js:50:16

    attachment #1: screenshot (image/png) ──────────────────────────────────────────────────────────
    ..\..\test-results\admin-Admin-Dashboard-should-handle-performance-monitoring-chromium\test-failed-1.png
    ────────────────────────────────────────────────────────────────────────────────────────────────

    attachment #2: video (video/webm) ──────────────────────────────────────────────────────────────
    ..\..\test-results\admin-Admin-Dashboard-should-handle-performance-monitoring-chromium\video.webm
    ────────────────────────────────────────────────────────────────────────────────────────────────

    Error Context: ..\..\test-results\admin-Admin-Dashboard-should-handle-performance-monitoring-chromium\error-context.md
]]>
</failure>
<system-out>
<![CDATA[
[[ATTACHMENT|..\test-results\admin-Admin-Dashboard-should-handle-performance-monitoring-chromium\test-failed-1.png]]

[[ATTACHMENT|..\test-results\admin-Admin-Dashboard-should-handle-performance-monitoring-chromium\video.webm]]

[[ATTACHMENT|..\test-results\admin-Admin-Dashboard-should-handle-performance-monitoring-chromium\error-context.md]]
]]>
</system-out>
</testcase>
<testcase name="Admin Dashboard › should handle backup and restore" classname="admin.spec.js" time="13.449">
<failure message="admin.spec.js:203:3 should handle backup and restore" type="FAILURE">
<![CDATA[  [chromium] › admin.spec.js:203:3 › Admin Dashboard › should handle backup and restore ────────────

    TimeoutError: page.fill: Timeout 10000ms exceeded.
    Call log:
      - waiting for locator('input[name="username"]')


      48 |     // Login as admin
      49 |     await page.goto('/admin/login');
    > 50 |     await page.fill('input[name="username"]', 'admin');
         |                ^
      51 |     await page.fill('input[name="password"]', 'adminpass');
      52 |     await page.click('button[type="submit"]');
      53 |     await page.waitForURL(/admin\/dashboard/);
        at C:\Users\merce\Documents\poker-game\tests\e2e\admin.spec.js:50:16

    attachment #1: screenshot (image/png) ──────────────────────────────────────────────────────────
    ..\..\test-results\admin-Admin-Dashboard-should-handle-backup-and-restore-chromium\test-failed-1.png
    ────────────────────────────────────────────────────────────────────────────────────────────────

    attachment #2: video (video/webm) ──────────────────────────────────────────────────────────────
    ..\..\test-results\admin-Admin-Dashboard-should-handle-backup-and-restore-chromium\video.webm
    ────────────────────────────────────────────────────────────────────────────────────────────────

    Error Context: ..\..\test-results\admin-Admin-Dashboard-should-handle-backup-and-restore-chromium\error-context.md
]]>
</failure>
<system-out>
<![CDATA[
[[ATTACHMENT|..\test-results\admin-Admin-Dashboard-should-handle-backup-and-restore-chromium\test-failed-1.png]]

[[ATTACHMENT|..\test-results\admin-Admin-Dashboard-should-handle-backup-and-restore-chromium\video.webm]]

[[ATTACHMENT|..\test-results\admin-Admin-Dashboard-should-handle-backup-and-restore-chromium\error-context.md]]
]]>
</system-out>
</testcase>
<testcase name="Admin Dashboard › should handle API key management" classname="admin.spec.js" time="13.286">
<failure message="admin.spec.js:226:3 should handle API key management" type="FAILURE">
<![CDATA[  [chromium] › admin.spec.js:226:3 › Admin Dashboard › should handle API key management ────────────

    TimeoutError: page.fill: Timeout 10000ms exceeded.
    Call log:
      - waiting for locator('input[name="username"]')


      48 |     // Login as admin
      49 |     await page.goto('/admin/login');
    > 50 |     await page.fill('input[name="username"]', 'admin');
         |                ^
      51 |     await page.fill('input[name="password"]', 'adminpass');
      52 |     await page.click('button[type="submit"]');
      53 |     await page.waitForURL(/admin\/dashboard/);
        at C:\Users\merce\Documents\poker-game\tests\e2e\admin.spec.js:50:16

    attachment #1: screenshot (image/png) ──────────────────────────────────────────────────────────
    ..\..\test-results\admin-Admin-Dashboard-should-handle-API-key-management-chromium\test-failed-1.png
    ────────────────────────────────────────────────────────────────────────────────────────────────

    attachment #2: video (video/webm) ──────────────────────────────────────────────────────────────
    ..\..\test-results\admin-Admin-Dashboard-should-handle-API-key-management-chromium\video.webm
    ────────────────────────────────────────────────────────────────────────────────────────────────

    Error Context: ..\..\test-results\admin-Admin-Dashboard-should-handle-API-key-management-chromium\error-context.md
]]>
</failure>
<system-out>
<![CDATA[
[[ATTACHMENT|..\test-results\admin-Admin-Dashboard-should-handle-API-key-management-chromium\test-failed-1.png]]

[[ATTACHMENT|..\test-results\admin-Admin-Dashboard-should-handle-API-key-management-chromium\video.webm]]

[[ATTACHMENT|..\test-results\admin-Admin-Dashboard-should-handle-API-key-management-chromium\error-context.md]]
]]>
</system-out>
</testcase>
<testcase name="Admin Dashboard › should handle theme customization" classname="admin.spec.js" time="13.334">
<failure message="admin.spec.js:248:3 should handle theme customization" type="FAILURE">
<![CDATA[  [chromium] › admin.spec.js:248:3 › Admin Dashboard › should handle theme customization ───────────

    TimeoutError: page.fill: Timeout 10000ms exceeded.
    Call log:
      - waiting for locator('input[name="username"]')


      48 |     // Login as admin
      49 |     await page.goto('/admin/login');
    > 50 |     await page.fill('input[name="username"]', 'admin');
         |                ^
      51 |     await page.fill('input[name="password"]', 'adminpass');
      52 |     await page.click('button[type="submit"]');
      53 |     await page.waitForURL(/admin\/dashboard/);
        at C:\Users\merce\Documents\poker-game\tests\e2e\admin.spec.js:50:16

    attachment #1: screenshot (image/png) ──────────────────────────────────────────────────────────
    ..\..\test-results\admin-Admin-Dashboard-should-handle-theme-customization-chromium\test-failed-1.png
    ────────────────────────────────────────────────────────────────────────────────────────────────

    attachment #2: video (video/webm) ──────────────────────────────────────────────────────────────
    ..\..\test-results\admin-Admin-Dashboard-should-handle-theme-customization-chromium\video.webm
    ────────────────────────────────────────────────────────────────────────────────────────────────

    Error Context: ..\..\test-results\admin-Admin-Dashboard-should-handle-theme-customization-chromium\error-context.md
]]>
</failure>
<system-out>
<![CDATA[
[[ATTACHMENT|..\test-results\admin-Admin-Dashboard-should-handle-theme-customization-chromium\test-failed-1.png]]

[[ATTACHMENT|..\test-results\admin-Admin-Dashboard-should-handle-theme-customization-chromium\video.webm]]

[[ATTACHMENT|..\test-results\admin-Admin-Dashboard-should-handle-theme-customization-chromium\error-context.md]]
]]>
</system-out>
</testcase>
<testcase name="Admin Dashboard › should handle notification settings" classname="admin.spec.js" time="13.432">
<failure message="admin.spec.js:268:3 should handle notification settings" type="FAILURE">
<![CDATA[  [chromium] › admin.spec.js:268:3 › Admin Dashboard › should handle notification settings ─────────

    TimeoutError: page.fill: Timeout 10000ms exceeded.
    Call log:
      - waiting for locator('input[name="username"]')


      48 |     // Login as admin
      49 |     await page.goto('/admin/login');
    > 50 |     await page.fill('input[name="username"]', 'admin');
         |                ^
      51 |     await page.fill('input[name="password"]', 'adminpass');
      52 |     await page.click('button[type="submit"]');
      53 |     await page.waitForURL(/admin\/dashboard/);
        at C:\Users\merce\Documents\poker-game\tests\e2e\admin.spec.js:50:16

    attachment #1: screenshot (image/png) ──────────────────────────────────────────────────────────
    ..\..\test-results\admin-Admin-Dashboard-should-handle-notification-settings-chromium\test-failed-1.png
    ────────────────────────────────────────────────────────────────────────────────────────────────

    attachment #2: video (video/webm) ──────────────────────────────────────────────────────────────
    ..\..\test-results\admin-Admin-Dashboard-should-handle-notification-settings-chromium\video.webm
    ────────────────────────────────────────────────────────────────────────────────────────────────

    Error Context: ..\..\test-results\admin-Admin-Dashboard-should-handle-notification-settings-chromium\error-context.md
]]>
</failure>
<system-out>
<![CDATA[
[[ATTACHMENT|..\test-results\admin-Admin-Dashboard-should-handle-notification-settings-chromium\test-failed-1.png]]

[[ATTACHMENT|..\test-results\admin-Admin-Dashboard-should-handle-notification-settings-chromium\video.webm]]

[[ATTACHMENT|..\test-results\admin-Admin-Dashboard-should-handle-notification-settings-chromium\error-context.md]]
]]>
</system-out>
</testcase>
<testcase name="Admin Dashboard › should handle security settings" classname="admin.spec.js" time="12.799">
<failure message="admin.spec.js:288:3 should handle security settings" type="FAILURE">
<![CDATA[  [chromium] › admin.spec.js:288:3 › Admin Dashboard › should handle security settings ─────────────

    TimeoutError: page.fill: Timeout 10000ms exceeded.
    Call log:
      - waiting for locator('input[name="username"]')


      48 |     // Login as admin
      49 |     await page.goto('/admin/login');
    > 50 |     await page.fill('input[name="username"]', 'admin');
         |                ^
      51 |     await page.fill('input[name="password"]', 'adminpass');
      52 |     await page.click('button[type="submit"]');
      53 |     await page.waitForURL(/admin\/dashboard/);
        at C:\Users\merce\Documents\poker-game\tests\e2e\admin.spec.js:50:16

    attachment #1: screenshot (image/png) ──────────────────────────────────────────────────────────
    ..\..\test-results\admin-Admin-Dashboard-should-handle-security-settings-chromium\test-failed-1.png
    ────────────────────────────────────────────────────────────────────────────────────────────────

    attachment #2: video (video/webm) ──────────────────────────────────────────────────────────────
    ..\..\test-results\admin-Admin-Dashboard-should-handle-security-settings-chromium\video.webm
    ────────────────────────────────────────────────────────────────────────────────────────────────

    Error Context: ..\..\test-results\admin-Admin-Dashboard-should-handle-security-settings-chromium\error-context.md
]]>
</failure>
<system-out>
<![CDATA[
[[ATTACHMENT|..\test-results\admin-Admin-Dashboard-should-handle-security-settings-chromium\test-failed-1.png]]

[[ATTACHMENT|..\test-results\admin-Admin-Dashboard-should-handle-security-settings-chromium\video.webm]]

[[ATTACHMENT|..\test-results\admin-Admin-Dashboard-should-handle-security-settings-chromium\error-context.md]]
]]>
</system-out>
</testcase>
<testcase name="Admin Dashboard › should handle admin logout" classname="admin.spec.js" time="12.181">
<failure message="admin.spec.js:309:3 should handle admin logout" type="FAILURE">
<![CDATA[  [chromium] › admin.spec.js:309:3 › Admin Dashboard › should handle admin logout ──────────────────

    TimeoutError: page.fill: Timeout 10000ms exceeded.
    Call log:
      - waiting for locator('input[name="username"]')


      48 |     // Login as admin
      49 |     await page.goto('/admin/login');
    > 50 |     await page.fill('input[name="username"]', 'admin');
         |                ^
      51 |     await page.fill('input[name="password"]', 'adminpass');
      52 |     await page.click('button[type="submit"]');
      53 |     await page.waitForURL(/admin\/dashboard/);
        at C:\Users\merce\Documents\poker-game\tests\e2e\admin.spec.js:50:16

    attachment #1: screenshot (image/png) ──────────────────────────────────────────────────────────
    ..\..\test-results\admin-Admin-Dashboard-should-handle-admin-logout-chromium\test-failed-1.png
    ────────────────────────────────────────────────────────────────────────────────────────────────

    attachment #2: video (video/webm) ──────────────────────────────────────────────────────────────
    ..\..\test-results\admin-Admin-Dashboard-should-handle-admin-logout-chromium\video.webm
    ────────────────────────────────────────────────────────────────────────────────────────────────

    Error Context: ..\..\test-results\admin-Admin-Dashboard-should-handle-admin-logout-chromium\error-context.md
]]>
</failure>
<system-out>
<![CDATA[
[[ATTACHMENT|..\test-results\admin-Admin-Dashboard-should-handle-admin-logout-chromium\test-failed-1.png]]

[[ATTACHMENT|..\test-results\admin-Admin-Dashboard-should-handle-admin-logout-chromium\video.webm]]

[[ATTACHMENT|..\test-results\admin-Admin-Dashboard-should-handle-admin-logout-chromium\error-context.md]]
]]>
</system-out>
</testcase>
<testcase name="Admin Performance › should load dashboard quickly" classname="admin.spec.js" time="12.661">
<failure message="admin.spec.js:332:3 should load dashboard quickly" type="FAILURE">
<![CDATA[  [chromium] › admin.spec.js:332:3 › Admin Performance › should load dashboard quickly ─────────────

    TimeoutError: page.fill: Timeout 10000ms exceeded.
    Call log:
      - waiting for locator('input[name="username"]')


      324 |     // Login as admin
      325 |     await page.goto('/admin/login');
    > 326 |     await page.fill('input[name="username"]', 'admin');
          |                ^
      327 |     await page.fill('input[name="password"]', 'adminpass');
      328 |     await page.click('button[type="submit"]');
      329 |     await page.waitForURL(/admin\/dashboard/);
        at C:\Users\merce\Documents\poker-game\tests\e2e\admin.spec.js:326:16

    attachment #1: screenshot (image/png) ──────────────────────────────────────────────────────────
    ..\..\test-results\admin-Admin-Performance-should-load-dashboard-quickly-chromium\test-failed-1.png
    ────────────────────────────────────────────────────────────────────────────────────────────────

    attachment #2: video (video/webm) ──────────────────────────────────────────────────────────────
    ..\..\test-results\admin-Admin-Performance-should-load-dashboard-quickly-chromium\video.webm
    ────────────────────────────────────────────────────────────────────────────────────────────────

    Error Context: ..\..\test-results\admin-Admin-Performance-should-load-dashboard-quickly-chromium\error-context.md
]]>
</failure>
<system-out>
<![CDATA[
[[ATTACHMENT|..\test-results\admin-Admin-Performance-should-load-dashboard-quickly-chromium\test-failed-1.png]]

[[ATTACHMENT|..\test-results\admin-Admin-Performance-should-load-dashboard-quickly-chromium\video.webm]]

[[ATTACHMENT|..\test-results\admin-Admin-Performance-should-load-dashboard-quickly-chromium\error-context.md]]
]]>
</system-out>
</testcase>
<testcase name="Admin Performance › should handle large data sets efficiently" classname="admin.spec.js" time="12.948">
<failure message="admin.spec.js:342:3 should handle large data sets efficiently" type="FAILURE">
<![CDATA[  [chromium] › admin.spec.js:342:3 › Admin Performance › should handle large data sets efficiently ─

    TimeoutError: page.fill: Timeout 10000ms exceeded.
    Call log:
      - waiting for locator('input[name="username"]')


      324 |     // Login as admin
      325 |     await page.goto('/admin/login');
    > 326 |     await page.fill('input[name="username"]', 'admin');
          |                ^
      327 |     await page.fill('input[name="password"]', 'adminpass');
      328 |     await page.click('button[type="submit"]');
      329 |     await page.waitForURL(/admin\/dashboard/);
        at C:\Users\merce\Documents\poker-game\tests\e2e\admin.spec.js:326:16

    attachment #1: screenshot (image/png) ──────────────────────────────────────────────────────────
    ..\..\test-results\admin-Admin-Performance-sh-fd0bc-large-data-sets-efficiently-chromium\test-failed-1.png
    ────────────────────────────────────────────────────────────────────────────────────────────────

    attachment #2: video (video/webm) ──────────────────────────────────────────────────────────────
    ..\..\test-results\admin-Admin-Performance-sh-fd0bc-large-data-sets-efficiently-chromium\video.webm
    ────────────────────────────────────────────────────────────────────────────────────────────────

    Error Context: ..\..\test-results\admin-Admin-Performance-sh-fd0bc-large-data-sets-efficiently-chromium\error-context.md
]]>
</failure>
<system-out>
<![CDATA[
[[ATTACHMENT|..\test-results\admin-Admin-Performance-sh-fd0bc-large-data-sets-efficiently-chromium\test-failed-1.png]]

[[ATTACHMENT|..\test-results\admin-Admin-Performance-sh-fd0bc-large-data-sets-efficiently-chromium\video.webm]]

[[ATTACHMENT|..\test-results\admin-Admin-Performance-sh-fd0bc-large-data-sets-efficiently-chromium\error-context.md]]
]]>
</system-out>
</testcase>
<testcase name="Admin Performance › should maintain responsiveness during operations" classname="admin.spec.js" time="13.25">
<failure message="admin.spec.js:360:3 should maintain responsiveness during operations" type="FAILURE">
<![CDATA[  [chromium] › admin.spec.js:360:3 › Admin Performance › should maintain responsiveness during operations 

    TimeoutError: page.fill: Timeout 10000ms exceeded.
    Call log:
      - waiting for locator('input[name="username"]')


      324 |     // Login as admin
      325 |     await page.goto('/admin/login');
    > 326 |     await page.fill('input[name="username"]', 'admin');
          |                ^
      327 |     await page.fill('input[name="password"]', 'adminpass');
      328 |     await page.click('button[type="submit"]');
      329 |     await page.waitForURL(/admin\/dashboard/);
        at C:\Users\merce\Documents\poker-game\tests\e2e\admin.spec.js:326:16

    attachment #1: screenshot (image/png) ──────────────────────────────────────────────────────────
    ..\..\test-results\admin-Admin-Performance-sh-c1801-nsiveness-during-operations-chromium\test-failed-1.png
    ────────────────────────────────────────────────────────────────────────────────────────────────

    attachment #2: video (video/webm) ──────────────────────────────────────────────────────────────
    ..\..\test-results\admin-Admin-Performance-sh-c1801-nsiveness-during-operations-chromium\video.webm
    ────────────────────────────────────────────────────────────────────────────────────────────────

    Error Context: ..\..\test-results\admin-Admin-Performance-sh-c1801-nsiveness-during-operations-chromium\error-context.md
]]>
</failure>
<system-out>
<![CDATA[
[[ATTACHMENT|..\test-results\admin-Admin-Performance-sh-c1801-nsiveness-during-operations-chromium\test-failed-1.png]]

[[ATTACHMENT|..\test-results\admin-Admin-Performance-sh-c1801-nsiveness-during-operations-chromium\video.webm]]

[[ATTACHMENT|..\test-results\admin-Admin-Performance-sh-c1801-nsiveness-during-operations-chromium\error-context.md]]
]]>
</system-out>
</testcase>
<testcase name="Admin Security › should enforce session timeout" classname="admin.spec.js" time="13.3">
<failure message="admin.spec.js:387:3 should enforce session timeout" type="FAILURE">
<![CDATA[  [chromium] › admin.spec.js:387:3 › Admin Security › should enforce session timeout ───────────────

    TimeoutError: page.fill: Timeout 10000ms exceeded.
    Call log:
      - waiting for locator('input[name="username"]')


      379 |     // Login as admin
      380 |     await page.goto('/admin/login');
    > 381 |     await page.fill('input[name="username"]', 'admin');
          |                ^
      382 |     await page.fill('input[name="password"]', 'adminpass');
      383 |     await page.click('button[type="submit"]');
      384 |     await page.waitForURL(/admin\/dashboard/);
        at C:\Users\merce\Documents\poker-game\tests\e2e\admin.spec.js:381:16

    attachment #1: screenshot (image/png) ──────────────────────────────────────────────────────────
    ..\..\test-results\admin-Admin-Security-should-enforce-session-timeout-chromium\test-failed-1.png
    ────────────────────────────────────────────────────────────────────────────────────────────────

    attachment #2: video (video/webm) ──────────────────────────────────────────────────────────────
    ..\..\test-results\admin-Admin-Security-should-enforce-session-timeout-chromium\video.webm
    ────────────────────────────────────────────────────────────────────────────────────────────────

    Error Context: ..\..\test-results\admin-Admin-Security-should-enforce-session-timeout-chromium\error-context.md
]]>
</failure>
<system-out>
<![CDATA[
[[ATTACHMENT|..\test-results\admin-Admin-Security-should-enforce-session-timeout-chromium\test-failed-1.png]]

[[ATTACHMENT|..\test-results\admin-Admin-Security-should-enforce-session-timeout-chromium\video.webm]]

[[ATTACHMENT|..\test-results\admin-Admin-Security-should-enforce-session-timeout-chromium\error-context.md]]
]]>
</system-out>
</testcase>
<testcase name="Admin Security › should prevent unauthorized access" classname="admin.spec.js" time="13.541">
<failure message="admin.spec.js:402:3 should prevent unauthorized access" type="FAILURE">
<![CDATA[  [chromium] › admin.spec.js:402:3 › Admin Security › should prevent unauthorized access ───────────

    TimeoutError: page.fill: Timeout 10000ms exceeded.
    Call log:
      - waiting for locator('input[name="username"]')


      379 |     // Login as admin
      380 |     await page.goto('/admin/login');
    > 381 |     await page.fill('input[name="username"]', 'admin');
          |                ^
      382 |     await page.fill('input[name="password"]', 'adminpass');
      383 |     await page.click('button[type="submit"]');
      384 |     await page.waitForURL(/admin\/dashboard/);
        at C:\Users\merce\Documents\poker-game\tests\e2e\admin.spec.js:381:16

    attachment #1: screenshot (image/png) ──────────────────────────────────────────────────────────
    ..\..\test-results\admin-Admin-Security-should-prevent-unauthorized-access-chromium\test-failed-1.png
    ────────────────────────────────────────────────────────────────────────────────────────────────

    attachment #2: video (video/webm) ──────────────────────────────────────────────────────────────
    ..\..\test-results\admin-Admin-Security-should-prevent-unauthorized-access-chromium\video.webm
    ────────────────────────────────────────────────────────────────────────────────────────────────

    Error Context: ..\..\test-results\admin-Admin-Security-should-prevent-unauthorized-access-chromium\error-context.md
]]>
</failure>
<system-out>
<![CDATA[
[[ATTACHMENT|..\test-results\admin-Admin-Security-should-prevent-unauthorized-access-chromium\test-failed-1.png]]

[[ATTACHMENT|..\test-results\admin-Admin-Security-should-prevent-unauthorized-access-chromium\video.webm]]

[[ATTACHMENT|..\test-results\admin-Admin-Security-should-prevent-unauthorized-access-chromium\error-context.md]]
]]>
</system-out>
</testcase>
<testcase name="Admin Security › should handle CSRF protection" classname="admin.spec.js" time="13.302">
<failure message="admin.spec.js:418:3 should handle CSRF protection" type="FAILURE">
<![CDATA[  [chromium] › admin.spec.js:418:3 › Admin Security › should handle CSRF protection ────────────────

    TimeoutError: page.fill: Timeout 10000ms exceeded.
    Call log:
      - waiting for locator('input[name="username"]')


      379 |     // Login as admin
      380 |     await page.goto('/admin/login');
    > 381 |     await page.fill('input[name="username"]', 'admin');
          |                ^
      382 |     await page.fill('input[name="password"]', 'adminpass');
      383 |     await page.click('button[type="submit"]');
      384 |     await page.waitForURL(/admin\/dashboard/);
        at C:\Users\merce\Documents\poker-game\tests\e2e\admin.spec.js:381:16

    attachment #1: screenshot (image/png) ──────────────────────────────────────────────────────────
    ..\..\test-results\admin-Admin-Security-should-handle-CSRF-protection-chromium\test-failed-1.png
    ────────────────────────────────────────────────────────────────────────────────────────────────

    attachment #2: video (video/webm) ──────────────────────────────────────────────────────────────
    ..\..\test-results\admin-Admin-Security-should-handle-CSRF-protection-chromium\video.webm
    ────────────────────────────────────────────────────────────────────────────────────────────────

    Error Context: ..\..\test-results\admin-Admin-Security-should-handle-CSRF-protection-chromium\error-context.md
]]>
</failure>
<system-out>
<![CDATA[
[[ATTACHMENT|..\test-results\admin-Admin-Security-should-handle-CSRF-protection-chromium\test-failed-1.png]]

[[ATTACHMENT|..\test-results\admin-Admin-Security-should-handle-CSRF-protection-chromium\video.webm]]

[[ATTACHMENT|..\test-results\admin-Admin-Security-should-handle-CSRF-protection-chromium\error-context.md]]
]]>
</system-out>
</testcase>
</testsuite>
<testsuite name="auth.spec.js" timestamp="2026-01-15T04:50:17.637Z" hostname="chromium" tests="12" failures="11" skipped="0" time="127.296" errors="0">
<testcase name="Authentication Flow › should display login page correctly" classname="auth.spec.js" time="6.134">
<failure message="auth.spec.js:13:3 should display login page correctly" type="FAILURE">
<![CDATA[  [chromium] › auth.spec.js:13:3 › Authentication Flow › should display login page correctly ───────

    Error: expect(page).toHaveTitle(expected) failed

    Expected pattern: /Login|Poker/
    Received string:  ""
    Timeout: 5000ms

    Call log:
      - Expect "toHaveTitle" with timeout 5000ms
        9 × unexpected value ""


      13 |   test('should display login page correctly', async ({ page }) => {
      14 |     // Check page title
    > 15 |     await expect(page).toHaveTitle(/Login|Poker/);
         |                        ^
      16 |     
      17 |     // Check login form elements
      18 |     await expect(page.locator('input[name="username"]')).toBeVisible();
        at C:\Users\merce\Documents\poker-game\tests\e2e\auth.spec.js:15:24

    attachment #1: screenshot (image/png) ──────────────────────────────────────────────────────────
    ..\..\test-results\auth-Authentication-Flow-should-display-login-page-correctly-chromium\test-failed-1.png
    ────────────────────────────────────────────────────────────────────────────────────────────────

    attachment #2: video (video/webm) ──────────────────────────────────────────────────────────────
    ..\..\test-results\auth-Authentication-Flow-should-display-login-page-correctly-chromium\video.webm
    ────────────────────────────────────────────────────────────────────────────────────────────────

    Error Context: ..\..\test-results\auth-Authentication-Flow-should-display-login-page-correctly-chromium\error-context.md
]]>
</failure>
<system-out>
<![CDATA[
[[ATTACHMENT|..\test-results\auth-Authentication-Flow-should-display-login-page-correctly-chromium\test-failed-1.png]]

[[ATTACHMENT|..\test-results\auth-Authentication-Flow-should-display-login-page-correctly-chromium\video.webm]]

[[ATTACHMENT|..\test-results\auth-Authentication-Flow-should-display-login-page-correctly-chromium\error-context.md]]
]]>
</system-out>
</testcase>
<testcase name="Authentication Flow › should show validation errors for empty fields" classname="auth.spec.js" time="11.524">
<failure message="auth.spec.js:26:3 should show validation errors for empty fields" type="FAILURE">
<![CDATA[  [chromium] › auth.spec.js:26:3 › Authentication Flow › should show validation errors for empty fields 

    TimeoutError: page.click: Timeout 10000ms exceeded.
    Call log:
      - waiting for locator('button[type="submit"]')


      26 |   test('should show validation errors for empty fields', async ({ page }) => {
      27 |     // Try to submit empty form
    > 28 |     await page.click('button[type="submit"]');
         |                ^
      29 |     
      30 |     // Check for validation messages
      31 |     await expect(page.locator('text=Username is required')).toBeVisible();
        at C:\Users\merce\Documents\poker-game\tests\e2e\auth.spec.js:28:16

    attachment #1: screenshot (image/png) ──────────────────────────────────────────────────────────
    ..\..\test-results\auth-Authentication-Flow-s-4800c-ion-errors-for-empty-fields-chromium\test-failed-1.png
    ────────────────────────────────────────────────────────────────────────────────────────────────

    attachment #2: video (video/webm) ──────────────────────────────────────────────────────────────
    ..\..\test-results\auth-Authentication-Flow-s-4800c-ion-errors-for-empty-fields-chromium\video.webm
    ────────────────────────────────────────────────────────────────────────────────────────────────

    Error Context: ..\..\test-results\auth-Authentication-Flow-s-4800c-ion-errors-for-empty-fields-chromium\error-context.md
]]>
</failure>
<system-out>
<![CDATA[
[[ATTACHMENT|..\test-results\auth-Authentication-Flow-s-4800c-ion-errors-for-empty-fields-chromium\test-failed-1.png]]

[[ATTACHMENT|..\test-results\auth-Authentication-Flow-s-4800c-ion-errors-for-empty-fields-chromium\video.webm]]

[[ATTACHMENT|..\test-results\auth-Authentication-Flow-s-4800c-ion-errors-for-empty-fields-chromium\error-context.md]]
]]>
</system-out>
</testcase>
<testcase name="Authentication Flow › should show error for invalid credentials" classname="auth.spec.js" time="11.633">
<failure message="auth.spec.js:35:3 should show error for invalid credentials" type="FAILURE">
<![CDATA[  [chromium] › auth.spec.js:35:3 › Authentication Flow › should show error for invalid credentials ─

    TimeoutError: page.fill: Timeout 10000ms exceeded.
    Call log:
      - waiting for locator('input[name="username"]')


      35 |   test('should show error for invalid credentials', async ({ page }) => {
      36 |     // Fill with invalid credentials
    > 37 |     await page.fill('input[name="username"]', 'invaliduser');
         |                ^
      38 |     await page.fill('input[name="password"]', 'invalidpass');
      39 |     await page.click('button[type="submit"]');
      40 |     
        at C:\Users\merce\Documents\poker-game\tests\e2e\auth.spec.js:37:16

    attachment #1: screenshot (image/png) ──────────────────────────────────────────────────────────
    ..\..\test-results\auth-Authentication-Flow-s-c1b41-ror-for-invalid-credentials-chromium\test-failed-1.png
    ────────────────────────────────────────────────────────────────────────────────────────────────

    attachment #2: video (video/webm) ──────────────────────────────────────────────────────────────
    ..\..\test-results\auth-Authentication-Flow-s-c1b41-ror-for-invalid-credentials-chromium\video.webm
    ────────────────────────────────────────────────────────────────────────────────────────────────

    Error Context: ..\..\test-results\auth-Authentication-Flow-s-c1b41-ror-for-invalid-credentials-chromium\error-context.md
]]>
</failure>
<system-out>
<![CDATA[
[[ATTACHMENT|..\test-results\auth-Authentication-Flow-s-c1b41-ror-for-invalid-credentials-chromium\test-failed-1.png]]

[[ATTACHMENT|..\test-results\auth-Authentication-Flow-s-c1b41-ror-for-invalid-credentials-chromium\video.webm]]

[[ATTACHMENT|..\test-results\auth-Authentication-Flow-s-c1b41-ror-for-invalid-credentials-chromium\error-context.md]]
]]>
</system-out>
</testcase>
<testcase name="Authentication Flow › should login successfully with valid credentials" classname="auth.spec.js" time="11.653">
<failure message="auth.spec.js:45:3 should login successfully with valid credentials" type="FAILURE">
<![CDATA[  [chromium] › auth.spec.js:45:3 › Authentication Flow › should login successfully with valid credentials 

    TimeoutError: page.fill: Timeout 10000ms exceeded.
    Call log:
      - waiting for locator('input[name="username"]')


      45 |   test('should login successfully with valid credentials', async ({ page }) => {
      46 |     // Fill with valid credentials (assuming test user exists)
    > 47 |     await page.fill('input[name="username"]', 'testuser');
         |                ^
      48 |     await page.fill('input[name="password"]', 'testpass');
      49 |     await page.click('button[type="submit"]');
      50 |     
        at C:\Users\merce\Documents\poker-game\tests\e2e\auth.spec.js:47:16

    attachment #1: screenshot (image/png) ──────────────────────────────────────────────────────────
    ..\..\test-results\auth-Authentication-Flow-s-74377-ully-with-valid-credentials-chromium\test-failed-1.png
    ────────────────────────────────────────────────────────────────────────────────────────────────

    attachment #2: video (video/webm) ──────────────────────────────────────────────────────────────
    ..\..\test-results\auth-Authentication-Flow-s-74377-ully-with-valid-credentials-chromium\video.webm
    ────────────────────────────────────────────────────────────────────────────────────────────────

    Error Context: ..\..\test-results\auth-Authentication-Flow-s-74377-ully-with-valid-credentials-chromium\error-context.md
]]>
</failure>
<system-out>
<![CDATA[
[[ATTACHMENT|..\test-results\auth-Authentication-Flow-s-74377-ully-with-valid-credentials-chromium\test-failed-1.png]]

[[ATTACHMENT|..\test-results\auth-Authentication-Flow-s-74377-ully-with-valid-credentials-chromium\video.webm]]

[[ATTACHMENT|..\test-results\auth-Authentication-Flow-s-74377-ully-with-valid-credentials-chromium\error-context.md]]
]]>
</system-out>
</testcase>
<testcase name="Authentication Flow › should handle registration flow" classname="auth.spec.js" time="12.138">
<failure message="auth.spec.js:58:3 should handle registration flow" type="FAILURE">
<![CDATA[  [chromium] › auth.spec.js:58:3 › Authentication Flow › should handle registration flow ───────────

    TimeoutError: page.click: Timeout 10000ms exceeded.
    Call log:
      - waiting for locator('a[href*="register"]')


      58 |   test('should handle registration flow', async ({ page }) => {
      59 |     // Navigate to registration
    > 60 |     await page.click('a[href*="register"]');
         |                ^
      61 |     await expect(page).toHaveURL(/register/);
      62 |     
      63 |     // Check registration form
        at C:\Users\merce\Documents\poker-game\tests\e2e\auth.spec.js:60:16

    attachment #1: screenshot (image/png) ──────────────────────────────────────────────────────────
    ..\..\test-results\auth-Authentication-Flow-should-handle-registration-flow-chromium\test-failed-1.png
    ────────────────────────────────────────────────────────────────────────────────────────────────

    attachment #2: video (video/webm) ──────────────────────────────────────────────────────────────
    ..\..\test-results\auth-Authentication-Flow-should-handle-registration-flow-chromium\video.webm
    ────────────────────────────────────────────────────────────────────────────────────────────────

    Error Context: ..\..\test-results\auth-Authentication-Flow-should-handle-registration-flow-chromium\error-context.md
]]>
</failure>
<system-out>
<![CDATA[
[[ATTACHMENT|..\test-results\auth-Authentication-Flow-should-handle-registration-flow-chromium\test-failed-1.png]]

[[ATTACHMENT|..\test-results\auth-Authentication-Flow-should-handle-registration-flow-chromium\video.webm]]

[[ATTACHMENT|..\test-results\auth-Authentication-Flow-should-handle-registration-flow-chromium\error-context.md]]
]]>
</system-out>
</testcase>
<testcase name="Authentication Flow › should handle password reset flow" classname="auth.spec.js" time="12.812">
<failure message="auth.spec.js:88:3 should handle password reset flow" type="FAILURE">
<![CDATA[  [chromium] › auth.spec.js:88:3 › Authentication Flow › should handle password reset flow ─────────

    TimeoutError: page.click: Timeout 10000ms exceeded.
    Call log:
      - waiting for locator('a[href*="forgot"]')


      88 |   test('should handle password reset flow', async ({ page }) => {
      89 |     // Click forgot password link
    > 90 |     await page.click('a[href*="forgot"]');
         |                ^
      91 |     await expect(page).toHaveURL(/forgot|reset/);
      92 |     
      93 |     // Check reset form
        at C:\Users\merce\Documents\poker-game\tests\e2e\auth.spec.js:90:16

    attachment #1: screenshot (image/png) ──────────────────────────────────────────────────────────
    ..\..\test-results\auth-Authentication-Flow-should-handle-password-reset-flow-chromium\test-failed-1.png
    ────────────────────────────────────────────────────────────────────────────────────────────────

    attachment #2: video (video/webm) ──────────────────────────────────────────────────────────────
    ..\..\test-results\auth-Authentication-Flow-should-handle-password-reset-flow-chromium\video.webm
    ────────────────────────────────────────────────────────────────────────────────────────────────

    Error Context: ..\..\test-results\auth-Authentication-Flow-should-handle-password-reset-flow-chromium\error-context.md
]]>
</failure>
<system-out>
<![CDATA[
[[ATTACHMENT|..\test-results\auth-Authentication-Flow-should-handle-password-reset-flow-chromium\test-failed-1.png]]

[[ATTACHMENT|..\test-results\auth-Authentication-Flow-should-handle-password-reset-flow-chromium\video.webm]]

[[ATTACHMENT|..\test-results\auth-Authentication-Flow-should-handle-password-reset-flow-chromium\error-context.md]]
]]>
</system-out>
</testcase>
<testcase name="Authentication Flow › should maintain session across page reloads" classname="auth.spec.js" time="12.668">
<failure message="auth.spec.js:105:3 should maintain session across page reloads" type="FAILURE">
<![CDATA[  [chromium] › auth.spec.js:105:3 › Authentication Flow › should maintain session across page reloads 

    TimeoutError: page.fill: Timeout 10000ms exceeded.
    Call log:
      - waiting for locator('input[name="username"]')


      105 |   test('should maintain session across page reloads', async ({ page }) => {
      106 |     // Login first
    > 107 |     await page.fill('input[name="username"]', 'testuser');
          |                ^
      108 |     await page.fill('input[name="password"]', 'testpass');
      109 |     await page.click('button[type="submit"]');
      110 |     
        at C:\Users\merce\Documents\poker-game\tests\e2e\auth.spec.js:107:16

    attachment #1: screenshot (image/png) ──────────────────────────────────────────────────────────
    ..\..\test-results\auth-Authentication-Flow-s-3e205-session-across-page-reloads-chromium\test-failed-1.png
    ────────────────────────────────────────────────────────────────────────────────────────────────

    attachment #2: video (video/webm) ──────────────────────────────────────────────────────────────
    ..\..\test-results\auth-Authentication-Flow-s-3e205-session-across-page-reloads-chromium\video.webm
    ────────────────────────────────────────────────────────────────────────────────────────────────

    Error Context: ..\..\test-results\auth-Authentication-Flow-s-3e205-session-across-page-reloads-chromium\error-context.md
]]>
</failure>
<system-out>
<![CDATA[
[[ATTACHMENT|..\test-results\auth-Authentication-Flow-s-3e205-session-across-page-reloads-chromium\test-failed-1.png]]

[[ATTACHMENT|..\test-results\auth-Authentication-Flow-s-3e205-session-across-page-reloads-chromium\video.webm]]

[[ATTACHMENT|..\test-results\auth-Authentication-Flow-s-3e205-session-across-page-reloads-chromium\error-context.md]]
]]>
</system-out>
</testcase>
<testcase name="Authentication Flow › should logout successfully" classname="auth.spec.js" time="12.58">
<failure message="auth.spec.js:121:3 should logout successfully" type="FAILURE">
<![CDATA[  [chromium] › auth.spec.js:121:3 › Authentication Flow › should logout successfully ───────────────

    TimeoutError: page.fill: Timeout 10000ms exceeded.
    Call log:
      - waiting for locator('input[name="username"]')


      121 |   test('should logout successfully', async ({ page }) => {
      122 |     // Login first
    > 123 |     await page.fill('input[name="username"]', 'testuser');
          |                ^
      124 |     await page.fill('input[name="password"]', 'testpass');
      125 |     await page.click('button[type="submit"]');
      126 |     
        at C:\Users\merce\Documents\poker-game\tests\e2e\auth.spec.js:123:16

    attachment #1: screenshot (image/png) ──────────────────────────────────────────────────────────
    ..\..\test-results\auth-Authentication-Flow-should-logout-successfully-chromium\test-failed-1.png
    ────────────────────────────────────────────────────────────────────────────────────────────────

    attachment #2: video (video/webm) ──────────────────────────────────────────────────────────────
    ..\..\test-results\auth-Authentication-Flow-should-logout-successfully-chromium\video.webm
    ────────────────────────────────────────────────────────────────────────────────────────────────

    Error Context: ..\..\test-results\auth-Authentication-Flow-should-logout-successfully-chromium\error-context.md
]]>
</failure>
<system-out>
<![CDATA[
[[ATTACHMENT|..\test-results\auth-Authentication-Flow-should-logout-successfully-chromium\test-failed-1.png]]

[[ATTACHMENT|..\test-results\auth-Authentication-Flow-should-logout-successfully-chromium\video.webm]]

[[ATTACHMENT|..\test-results\auth-Authentication-Flow-should-logout-successfully-chromium\error-context.md]]
]]>
</system-out>
</testcase>
<testcase name="Authentication Flow › should handle social login options" classname="auth.spec.js" time="0.717">
</testcase>
<testcase name="Security Features › should enforce password requirements" classname="auth.spec.js" time="12.378">
<failure message="auth.spec.js:162:3 should enforce password requirements" type="FAILURE">
<![CDATA[  [chromium] › auth.spec.js:162:3 › Security Features › should enforce password requirements ───────

    TimeoutError: page.fill: Timeout 10000ms exceeded.
    Call log:
      - waiting for locator('input[name="username"]')


      164 |     
      165 |     // Test weak password
    > 166 |     await page.fill('input[name="username"]', 'testuser');
          |                ^
      167 |     await page.fill('input[name="email"]', 'test@example.com');
      168 |     await page.fill('input[name="password"]', '123');
      169 |     await page.fill('input[name="confirmPassword"]', '123');
        at C:\Users\merce\Documents\poker-game\tests\e2e\auth.spec.js:166:16

    attachment #1: screenshot (image/png) ──────────────────────────────────────────────────────────
    ..\..\test-results\auth-Security-Features-should-enforce-password-requirements-chromium\test-failed-1.png
    ────────────────────────────────────────────────────────────────────────────────────────────────

    attachment #2: video (video/webm) ──────────────────────────────────────────────────────────────
    ..\..\test-results\auth-Security-Features-should-enforce-password-requirements-chromium\video.webm
    ────────────────────────────────────────────────────────────────────────────────────────────────

    Error Context: ..\..\test-results\auth-Security-Features-should-enforce-password-requirements-chromium\error-context.md
]]>
</failure>
<system-out>
<![CDATA[
[[ATTACHMENT|..\test-results\auth-Security-Features-should-enforce-password-requirements-chromium\test-failed-1.png]]

[[ATTACHMENT|..\test-results\auth-Security-Features-should-enforce-password-requirements-chromium\video.webm]]

[[ATTACHMENT|..\test-results\auth-Security-Features-should-enforce-password-requirements-chromium\error-context.md]]
]]>
</system-out>
</testcase>
<testcase name="Security Features › should prevent brute force attacks" classname="auth.spec.js" time="11.496">
<failure message="auth.spec.js:176:3 should prevent brute force attacks" type="FAILURE">
<![CDATA[  [chromium] › auth.spec.js:176:3 › Security Features › should prevent brute force attacks ─────────

    TimeoutError: page.fill: Timeout 10000ms exceeded.
    Call log:
      - waiting for locator('input[name="username"]')


      177 |     // Try multiple failed logins
      178 |     for (let i = 0; i < 5; i++) {
    > 179 |       await page.fill('input[name="username"]', 'testuser');
          |                  ^
      180 |       await page.fill('input[name="password"]', 'wrongpass');
      181 |       await page.click('button[type="submit"]');
      182 |       await page.waitForTimeout(100);
        at C:\Users\merce\Documents\poker-game\tests\e2e\auth.spec.js:179:18

    attachment #1: screenshot (image/png) ──────────────────────────────────────────────────────────
    ..\..\test-results\auth-Security-Features-should-prevent-brute-force-attacks-chromium\test-failed-1.png
    ────────────────────────────────────────────────────────────────────────────────────────────────

    attachment #2: video (video/webm) ──────────────────────────────────────────────────────────────
    ..\..\test-results\auth-Security-Features-should-prevent-brute-force-attacks-chromium\video.webm
    ────────────────────────────────────────────────────────────────────────────────────────────────
]]>
</failure>
<system-out>
<![CDATA[
[[ATTACHMENT|..\test-results\auth-Security-Features-should-prevent-brute-force-attacks-chromium\test-failed-1.png]]

[[ATTACHMENT|..\test-results\auth-Security-Features-should-prevent-brute-force-attacks-chromium\video.webm]]
]]>
</system-out>
</testcase>
<testcase name="Security Features › should handle session timeout" classname="auth.spec.js" time="11.563">
<failure message="auth.spec.js:189:3 should handle session timeout" type="FAILURE">
<![CDATA[  [chromium] › auth.spec.js:189:3 › Security Features › should handle session timeout ──────────────

    TimeoutError: page.fill: Timeout 10000ms exceeded.
    Call log:
      - waiting for locator('input[name="username"]')


      190 |     // Login
      191 |     await page.goto('/login');
    > 192 |     await page.fill('input[name="username"]', 'testuser');
          |                ^
      193 |     await page.fill('input[name="password"]', 'testpass');
      194 |     await page.click('button[type="submit"]');
      195 |     
        at C:\Users\merce\Documents\poker-game\tests\e2e\auth.spec.js:192:16

    attachment #1: screenshot (image/png) ──────────────────────────────────────────────────────────
    ..\..\test-results\auth-Security-Features-should-handle-session-timeout-chromium\test-failed-1.png
    ────────────────────────────────────────────────────────────────────────────────────────────────

    attachment #2: video (video/webm) ──────────────────────────────────────────────────────────────
    ..\..\test-results\auth-Security-Features-should-handle-session-timeout-chromium\video.webm
    ────────────────────────────────────────────────────────────────────────────────────────────────

    Error Context: ..\..\test-results\auth-Security-Features-should-handle-session-timeout-chromium\error-context.md
]]>
</failure>
<system-out>
<![CDATA[
[[ATTACHMENT|..\test-results\auth-Security-Features-should-handle-session-timeout-chromium\test-failed-1.png]]

[[ATTACHMENT|..\test-results\auth-Security-Features-should-handle-session-timeout-chromium\video.webm]]

[[ATTACHMENT|..\test-results\auth-Security-Features-should-handle-session-timeout-chromium\error-context.md]]
]]>
</system-out>
</testcase>
</testsuite>
<testsuite name="game-play.spec.js" timestamp="2026-01-15T04:50:17.637Z" hostname="chromium" tests="20" failures="19" skipped="0" time="197.753" errors="0">
<testcase name="Poker Game Flow › should load game interface correctly" classname="game-play.spec.js" time="11.562">
<failure message="game-play.spec.js:18:3 should load game interface correctly" type="FAILURE">
<![CDATA[  [chromium] › game-play.spec.js:18:3 › Poker Game Flow › should load game interface correctly ─────

    TimeoutError: page.fill: Timeout 10000ms exceeded.
    Call log:
      - waiting for locator('input[name="username"]')


      10 |     // Login before each test
      11 |     await page.goto('/login');
    > 12 |     await page.fill('input[name="username"]', 'testuser');
         |                ^
      13 |     await page.fill('input[name="password"]', 'testpass');
      14 |     await page.click('button[type="submit"]');
      15 |     await page.waitForURL(/dashboard|main|game/);
        at C:\Users\merce\Documents\poker-game\tests\e2e\game-play.spec.js:12:16

    attachment #1: screenshot (image/png) ──────────────────────────────────────────────────────────
    ..\..\test-results\game-play-Poker-Game-Flow--0159e-ad-game-interface-correctly-chromium\test-failed-1.png
    ────────────────────────────────────────────────────────────────────────────────────────────────

    attachment #2: video (video/webm) ──────────────────────────────────────────────────────────────
    ..\..\test-results\game-play-Poker-Game-Flow--0159e-ad-game-interface-correctly-chromium\video.webm
    ────────────────────────────────────────────────────────────────────────────────────────────────

    Error Context: ..\..\test-results\game-play-Poker-Game-Flow--0159e-ad-game-interface-correctly-chromium\error-context.md
]]>
</failure>
<system-out>
<![CDATA[
[[ATTACHMENT|..\test-results\game-play-Poker-Game-Flow--0159e-ad-game-interface-correctly-chromium\test-failed-1.png]]

[[ATTACHMENT|..\test-results\game-play-Poker-Game-Flow--0159e-ad-game-interface-correctly-chromium\video.webm]]

[[ATTACHMENT|..\test-results\game-play-Poker-Game-Flow--0159e-ad-game-interface-correctly-chromium\error-context.md]]
]]>
</system-out>
</testcase>
<testcase name="Poker Game Flow › should join a poker table" classname="game-play.spec.js" time="11.698">
<failure message="game-play.spec.js:29:3 should join a poker table" type="FAILURE">
<![CDATA[  [chromium] › game-play.spec.js:29:3 › Poker Game Flow › should join a poker table ────────────────

    TimeoutError: page.fill: Timeout 10000ms exceeded.
    Call log:
      - waiting for locator('input[name="username"]')


      10 |     // Login before each test
      11 |     await page.goto('/login');
    > 12 |     await page.fill('input[name="username"]', 'testuser');
         |                ^
      13 |     await page.fill('input[name="password"]', 'testpass');
      14 |     await page.click('button[type="submit"]');
      15 |     await page.waitForURL(/dashboard|main|game/);
        at C:\Users\merce\Documents\poker-game\tests\e2e\game-play.spec.js:12:16

    attachment #1: screenshot (image/png) ──────────────────────────────────────────────────────────
    ..\..\test-results\game-play-Poker-Game-Flow-should-join-a-poker-table-chromium\test-failed-1.png
    ────────────────────────────────────────────────────────────────────────────────────────────────

    attachment #2: video (video/webm) ──────────────────────────────────────────────────────────────
    ..\..\test-results\game-play-Poker-Game-Flow-should-join-a-poker-table-chromium\video.webm
    ────────────────────────────────────────────────────────────────────────────────────────────────

    Error Context: ..\..\test-results\game-play-Poker-Game-Flow-should-join-a-poker-table-chromium\error-context.md
]]>
</failure>
<system-out>
<![CDATA[
[[ATTACHMENT|..\test-results\game-play-Poker-Game-Flow-should-join-a-poker-table-chromium\test-failed-1.png]]

[[ATTACHMENT|..\test-results\game-play-Poker-Game-Flow-should-join-a-poker-table-chromium\video.webm]]

[[ATTACHMENT|..\test-results\game-play-Poker-Game-Flow-should-join-a-poker-table-chromium\error-context.md]]
]]>
</system-out>
</testcase>
<testcase name="Poker Game Flow › should handle betting actions" classname="game-play.spec.js" time="12.572">
<failure message="game-play.spec.js:42:3 should handle betting actions" type="FAILURE">
<![CDATA[  [chromium] › game-play.spec.js:42:3 › Poker Game Flow › should handle betting actions ────────────

    TimeoutError: page.fill: Timeout 10000ms exceeded.
    Call log:
      - waiting for locator('input[name="username"]')


      10 |     // Login before each test
      11 |     await page.goto('/login');
    > 12 |     await page.fill('input[name="username"]', 'testuser');
         |                ^
      13 |     await page.fill('input[name="password"]', 'testpass');
      14 |     await page.click('button[type="submit"]');
      15 |     await page.waitForURL(/dashboard|main|game/);
        at C:\Users\merce\Documents\poker-game\tests\e2e\game-play.spec.js:12:16

    attachment #1: screenshot (image/png) ──────────────────────────────────────────────────────────
    ..\..\test-results\game-play-Poker-Game-Flow-should-handle-betting-actions-chromium\test-failed-1.png
    ────────────────────────────────────────────────────────────────────────────────────────────────

    attachment #2: video (video/webm) ──────────────────────────────────────────────────────────────
    ..\..\test-results\game-play-Poker-Game-Flow-should-handle-betting-actions-chromium\video.webm
    ────────────────────────────────────────────────────────────────────────────────────────────────

    Error Context: ..\..\test-results\game-play-Poker-Game-Flow-should-handle-betting-actions-chromium\error-context.md
]]>
</failure>
<system-out>
<![CDATA[
[[ATTACHMENT|..\test-results\game-play-Poker-Game-Flow-should-handle-betting-actions-chromium\test-failed-1.png]]

[[ATTACHMENT|..\test-results\game-play-Poker-Game-Flow-should-handle-betting-actions-chromium\video.webm]]

[[ATTACHMENT|..\test-results\game-play-Poker-Game-Flow-should-handle-betting-actions-chromium\error-context.md]]
]]>
</system-out>
</testcase>
<testcase name="Poker Game Flow › should handle raise action" classname="game-play.spec.js" time="12.792">
<failure message="game-play.spec.js:61:3 should handle raise action" type="FAILURE">
<![CDATA[  [chromium] › game-play.spec.js:61:3 › Poker Game Flow › should handle raise action ───────────────

    TimeoutError: page.fill: Timeout 10000ms exceeded.
    Call log:
      - waiting for locator('input[name="username"]')


      10 |     // Login before each test
      11 |     await page.goto('/login');
    > 12 |     await page.fill('input[name="username"]', 'testuser');
         |                ^
      13 |     await page.fill('input[name="password"]', 'testpass');
      14 |     await page.click('button[type="submit"]');
      15 |     await page.waitForURL(/dashboard|main|game/);
        at C:\Users\merce\Documents\poker-game\tests\e2e\game-play.spec.js:12:16

    attachment #1: screenshot (image/png) ──────────────────────────────────────────────────────────
    ..\..\test-results\game-play-Poker-Game-Flow-should-handle-raise-action-chromium\test-failed-1.png
    ────────────────────────────────────────────────────────────────────────────────────────────────

    attachment #2: video (video/webm) ──────────────────────────────────────────────────────────────
    ..\..\test-results\game-play-Poker-Game-Flow-should-handle-raise-action-chromium\video.webm
    ────────────────────────────────────────────────────────────────────────────────────────────────

    Error Context: ..\..\test-results\game-play-Poker-Game-Flow-should-handle-raise-action-chromium\error-context.md
]]>
</failure>
<system-out>
<![CDATA[
[[ATTACHMENT|..\test-results\game-play-Poker-Game-Flow-should-handle-raise-action-chromium\test-failed-1.png]]

[[ATTACHMENT|..\test-results\game-play-Poker-Game-Flow-should-handle-raise-action-chromium\video.webm]]

[[ATTACHMENT|..\test-results\game-play-Poker-Game-Flow-should-handle-raise-action-chromium\error-context.md]]
]]>
</system-out>
</testcase>
<testcase name="Poker Game Flow › should display cards correctly" classname="game-play.spec.js" time="12.72">
<failure message="game-play.spec.js:83:3 should display cards correctly" type="FAILURE">
<![CDATA[  [chromium] › game-play.spec.js:83:3 › Poker Game Flow › should display cards correctly ───────────

    TimeoutError: page.fill: Timeout 10000ms exceeded.
    Call log:
      - waiting for locator('input[name="username"]')


      10 |     // Login before each test
      11 |     await page.goto('/login');
    > 12 |     await page.fill('input[name="username"]', 'testuser');
         |                ^
      13 |     await page.fill('input[name="password"]', 'testpass');
      14 |     await page.click('button[type="submit"]');
      15 |     await page.waitForURL(/dashboard|main|game/);
        at C:\Users\merce\Documents\poker-game\tests\e2e\game-play.spec.js:12:16

[...]

    attachment #2: video (video/webm) ──────────────────────────────────────────────────────────────
    ..\..\test-results\overlay-Streaming-Overlay--f6b0c-andle-overlay-customization-webkit\video.webm
    ────────────────────────────────────────────────────────────────────────────────────────────────

    Error Context: ..\..\test-results\overlay-Streaming-Overlay--f6b0c-andle-overlay-customization-webkit\error-context.md
]]>
</failure>
<system-out>
<![CDATA[
[[ATTACHMENT|..\test-results\overlay-Streaming-Overlay--f6b0c-andle-overlay-customization-webkit\test-failed-1.png]]

[[ATTACHMENT|..\test-results\overlay-Streaming-Overlay--f6b0c-andle-overlay-customization-webkit\video.webm]]

[[ATTACHMENT|..\test-results\overlay-Streaming-Overlay--f6b0c-andle-overlay-customization-webkit\error-context.md]]
]]>
</system-out>
</testcase>
<testcase name="Streaming Overlay › should handle connection errors gracefully" classname="overlay.spec.js" time="5.959">
<failure message="overlay.spec.js:217:3 should handle connection errors gracefully" type="FAILURE">
<![CDATA[  [webkit] › overlay.spec.js:217:3 › Streaming Overlay › should handle connection errors gracefully 

    Error: expect(locator).toBeVisible() failed

    Locator: locator('.connection-error')
    Expected: visible
    Timeout: 5000ms
    Error: element(s) not found

    Call log:
      - Expect "toBeVisible" with timeout 5000ms
      - waiting for locator('.connection-error')


      224 |     
      225 |     // Should show connection error
    > 226 |     await expect(page.locator('.connection-error')).toBeVisible();
          |                                                     ^
      227 |     
      228 |     // Should attempt reconnection
      229 |     await page.waitForTimeout(5000);
        at C:\Users\merce\Documents\poker-game\tests\e2e\overlay.spec.js:226:53

    attachment #1: screenshot (image/png) ──────────────────────────────────────────────────────────
    ..\..\test-results\overlay-Streaming-Overlay--c996f-onnection-errors-gracefully-webkit\test-failed-1.png
    ────────────────────────────────────────────────────────────────────────────────────────────────

    attachment #2: video (video/webm) ──────────────────────────────────────────────────────────────
    ..\..\test-results\overlay-Streaming-Overlay--c996f-onnection-errors-gracefully-webkit\video.webm
    ────────────────────────────────────────────────────────────────────────────────────────────────

    Error Context: ..\..\test-results\overlay-Streaming-Overlay--c996f-onnection-errors-gracefully-webkit\error-context.md
]]>
</failure>
<system-out>
<![CDATA[
[[ATTACHMENT|..\test-results\overlay-Streaming-Overlay--c996f-onnection-errors-gracefully-webkit\test-failed-1.png]]

[[ATTACHMENT|..\test-results\overlay-Streaming-Overlay--c996f-onnection-errors-gracefully-webkit\video.webm]]

[[ATTACHMENT|..\test-results\overlay-Streaming-Overlay--c996f-onnection-errors-gracefully-webkit\error-context.md]]
]]>
</system-out>
</testcase>
<testcase name="Streaming Overlay › should support multiple overlay modes" classname="overlay.spec.js" time="5.92">
<failure message="overlay.spec.js:233:3 should support multiple overlay modes" type="FAILURE">
<![CDATA[  [webkit] › overlay.spec.js:233:3 › Streaming Overlay › should support multiple overlay modes ─────

    Error: expect(locator).toBeVisible() failed

    Locator: locator('.overlay-container')
    Expected: visible
    Timeout: 5000ms
    Error: element(s) not found

    Call log:
      - Expect "toBeVisible" with timeout 5000ms
      - waiting for locator('.overlay-container')


      239 |       
      240 |       // Check mode-specific elements
    > 241 |       await expect(page.locator('.overlay-container')).toBeVisible();
          |                                                        ^
      242 |       
      243 |       // Check mode class is applied
      244 |       const overlay = page.locator('.overlay-container');
        at C:\Users\merce\Documents\poker-game\tests\e2e\overlay.spec.js:241:56

    attachment #1: screenshot (image/png) ──────────────────────────────────────────────────────────
    ..\..\test-results\overlay-Streaming-Overlay--55c6e-port-multiple-overlay-modes-webkit\test-failed-1.png
    ────────────────────────────────────────────────────────────────────────────────────────────────

    attachment #2: video (video/webm) ──────────────────────────────────────────────────────────────
    ..\..\test-results\overlay-Streaming-Overlay--55c6e-port-multiple-overlay-modes-webkit\video.webm
    ────────────────────────────────────────────────────────────────────────────────────────────────

    Error Context: ..\..\test-results\overlay-Streaming-Overlay--55c6e-port-multiple-overlay-modes-webkit\error-context.md
]]>
</failure>
<system-out>
<![CDATA[
[[ATTACHMENT|..\test-results\overlay-Streaming-Overlay--55c6e-port-multiple-overlay-modes-webkit\test-failed-1.png]]

[[ATTACHMENT|..\test-results\overlay-Streaming-Overlay--55c6e-port-multiple-overlay-modes-webkit\video.webm]]

[[ATTACHMENT|..\test-results\overlay-Streaming-Overlay--55c6e-port-multiple-overlay-modes-webkit\error-context.md]]
]]>
</system-out>
</testcase>
<testcase name="Streaming Overlay › should handle chat overlay integration" classname="overlay.spec.js" time="5.917">
<failure message="overlay.spec.js:249:3 should handle chat overlay integration" type="FAILURE">
<![CDATA[  [webkit] › overlay.spec.js:249:3 › Streaming Overlay › should handle chat overlay integration ────

    Error: expect(locator).toBeVisible() failed

    Locator: locator('.chat-overlay')
    Expected: visible
    Timeout: 5000ms
    Error: element(s) not found

    Call log:
      - Expect "toBeVisible" with timeout 5000ms
      - waiting for locator('.chat-overlay')


      251 |     
      252 |     // Check chat overlay
    > 253 |     await expect(page.locator('.chat-overlay')).toBeVisible();
          |                                                 ^
      254 |     
      255 |     // Simulate chat message
      256 |     await page.evaluate(() => {
        at C:\Users\merce\Documents\poker-game\tests\e2e\overlay.spec.js:253:49

    attachment #1: screenshot (image/png) ──────────────────────────────────────────────────────────
    ..\..\test-results\overlay-Streaming-Overlay--bc05b-le-chat-overlay-integration-webkit\test-failed-1.png
    ────────────────────────────────────────────────────────────────────────────────────────────────

    attachment #2: video (video/webm) ──────────────────────────────────────────────────────────────
    ..\..\test-results\overlay-Streaming-Overlay--bc05b-le-chat-overlay-integration-webkit\video.webm
    ────────────────────────────────────────────────────────────────────────────────────────────────

    Error Context: ..\..\test-results\overlay-Streaming-Overlay--bc05b-le-chat-overlay-integration-webkit\error-context.md
]]>
</failure>
<system-out>
<![CDATA[
[[ATTACHMENT|..\test-results\overlay-Streaming-Overlay--bc05b-le-chat-overlay-integration-webkit\test-failed-1.png]]

[[ATTACHMENT|..\test-results\overlay-Streaming-Overlay--bc05b-le-chat-overlay-integration-webkit\video.webm]]

[[ATTACHMENT|..\test-results\overlay-Streaming-Overlay--bc05b-le-chat-overlay-integration-webkit\error-context.md]]
]]>
</system-out>
</testcase>
<testcase name="Streaming Overlay › should support overlay branding" classname="overlay.spec.js" time="5.828">
<failure message="overlay.spec.js:269:3 should support overlay branding" type="FAILURE">
<![CDATA[  [webkit] › overlay.spec.js:269:3 › Streaming Overlay › should support overlay branding ───────────

    Error: expect(locator).toBeVisible() failed

    Locator: locator('.brand-logo')
    Expected: visible
    Timeout: 5000ms
    Error: element(s) not found

    Call log:
      - Expect "toBeVisible" with timeout 5000ms
      - waiting for locator('.brand-logo')


      271 |     
      272 |     // Check branding elements
    > 273 |     await expect(page.locator('.brand-logo')).toBeVisible();
          |                                               ^
      274 |     await expect(page.locator('.brand-name')).toBeVisible();
      275 |   });
      276 |
        at C:\Users\merce\Documents\poker-game\tests\e2e\overlay.spec.js:273:47

    attachment #1: screenshot (image/png) ──────────────────────────────────────────────────────────
    ..\..\test-results\overlay-Streaming-Overlay-should-support-overlay-branding-webkit\test-failed-1.png
    ────────────────────────────────────────────────────────────────────────────────────────────────

    attachment #2: video (video/webm) ──────────────────────────────────────────────────────────────
    ..\..\test-results\overlay-Streaming-Overlay-should-support-overlay-branding-webkit\video.webm
    ────────────────────────────────────────────────────────────────────────────────────────────────

    Error Context: ..\..\test-results\overlay-Streaming-Overlay-should-support-overlay-branding-webkit\error-context.md
]]>
</failure>
<system-out>
<![CDATA[
[[ATTACHMENT|..\test-results\overlay-Streaming-Overlay-should-support-overlay-branding-webkit\test-failed-1.png]]

[[ATTACHMENT|..\test-results\overlay-Streaming-Overlay-should-support-overlay-branding-webkit\video.webm]]

[[ATTACHMENT|..\test-results\overlay-Streaming-Overlay-should-support-overlay-branding-webkit\error-context.md]]
]]>
</system-out>
</testcase>
<testcase name="Streaming Overlay › should handle overlay statistics" classname="overlay.spec.js" time="5.85">
<failure message="overlay.spec.js:277:3 should handle overlay statistics" type="FAILURE">
<![CDATA[  [webkit] › overlay.spec.js:277:3 › Streaming Overlay › should handle overlay statistics ──────────

    Error: expect(locator).toBeVisible() failed

    Locator: locator('.stats-overlay')
    Expected: visible
    Timeout: 5000ms
    Error: element(s) not found

    Call log:
      - Expect "toBeVisible" with timeout 5000ms
      - waiting for locator('.stats-overlay')


      279 |     
      280 |     // Check statistics display
    > 281 |     await expect(page.locator('.stats-overlay')).toBeVisible();
          |                                                  ^
      282 |     
      283 |     // Check stat elements
      284 |     await expect(page.locator('.hands-played')).toBeVisible();
        at C:\Users\merce\Documents\poker-game\tests\e2e\overlay.spec.js:281:50

    attachment #1: screenshot (image/png) ──────────────────────────────────────────────────────────
    ..\..\test-results\overlay-Streaming-Overlay-should-handle-overlay-statistics-webkit\test-failed-1.png
    ────────────────────────────────────────────────────────────────────────────────────────────────

    attachment #2: video (video/webm) ──────────────────────────────────────────────────────────────
    ..\..\test-results\overlay-Streaming-Overlay-should-handle-overlay-statistics-webkit\video.webm
    ────────────────────────────────────────────────────────────────────────────────────────────────

    Error Context: ..\..\test-results\overlay-Streaming-Overlay-should-handle-overlay-statistics-webkit\error-context.md
]]>
</failure>
<system-out>
<![CDATA[
[[ATTACHMENT|..\test-results\overlay-Streaming-Overlay-should-handle-overlay-statistics-webkit\test-failed-1.png]]

[[ATTACHMENT|..\test-results\overlay-Streaming-Overlay-should-handle-overlay-statistics-webkit\video.webm]]

[[ATTACHMENT|..\test-results\overlay-Streaming-Overlay-should-handle-overlay-statistics-webkit\error-context.md]]
]]>
</system-out>
</testcase>
<testcase name="Streaming Overlay › should support overlay animations" classname="overlay.spec.js" time="5.83">
<failure message="overlay.spec.js:289:3 should support overlay animations" type="FAILURE">
<![CDATA[  [webkit] › overlay.spec.js:289:3 › Streaming Overlay › should support overlay animations ─────────

    Error: expect(locator).toBeVisible() failed

    Locator: locator('.card-deal-animation')
    Expected: visible
    Timeout: 5000ms
    Error: element(s) not found

    Call log:
      - Expect "toBeVisible" with timeout 5000ms
      - waiting for locator('.card-deal-animation')


      309 |     
      310 |     // Check animation elements
    > 311 |     await expect(page.locator('.card-deal-animation')).toBeVisible();
          |                                                        ^
      312 |     await expect(page.locator('.chip-animation')).toBeVisible();
      313 |     await expect(page.locator('.win-animation')).toBeVisible();
      314 |   });
        at C:\Users\merce\Documents\poker-game\tests\e2e\overlay.spec.js:311:56

    attachment #1: screenshot (image/png) ──────────────────────────────────────────────────────────
    ..\..\test-results\overlay-Streaming-Overlay-should-support-overlay-animations-webkit\test-failed-1.png
    ────────────────────────────────────────────────────────────────────────────────────────────────

    attachment #2: video (video/webm) ──────────────────────────────────────────────────────────────
    ..\..\test-results\overlay-Streaming-Overlay-should-support-overlay-animations-webkit\video.webm
    ────────────────────────────────────────────────────────────────────────────────────────────────

    Error Context: ..\..\test-results\overlay-Streaming-Overlay-should-support-overlay-animations-webkit\error-context.md
]]>
</failure>
<system-out>
<![CDATA[
[[ATTACHMENT|..\test-results\overlay-Streaming-Overlay-should-support-overlay-animations-webkit\test-failed-1.png]]

[[ATTACHMENT|..\test-results\overlay-Streaming-Overlay-should-support-overlay-animations-webkit\video.webm]]

[[ATTACHMENT|..\test-results\overlay-Streaming-Overlay-should-support-overlay-animations-webkit\error-context.md]]
]]>
</system-out>
</testcase>
<testcase name="Streaming Overlay › should handle overlay performance" classname="overlay.spec.js" time="2.012">
</testcase>
<testcase name="Overlay Configuration › should load configuration from URL parameters" classname="overlay.spec.js" time="5.861">
<failure message="overlay.spec.js:339:3 should load configuration from URL parameters" type="FAILURE">
<![CDATA[  [webkit] › overlay.spec.js:339:3 › Overlay Configuration › should load configuration from URL parameters 

    Error: expect(locator).toHaveClass(expected) failed

    Locator: locator('.overlay-container')
    Expected pattern: /theme-dark/
    Timeout: 5000ms
    Error: element(s) not found

    Call log:
      - Expect "toHaveClass" with timeout 5000ms
      - waiting for locator('.overlay-container')


      349 |     // Check configuration is applied
      350 |     const overlay = page.locator('.overlay-container');
    > 351 |     await expect(overlay).toHaveClass(/theme-dark/);
          |                           ^
      352 |     await expect(overlay).toHaveCSS('opacity', '0.9');
      353 |   });
      354 |
        at C:\Users\merce\Documents\poker-game\tests\e2e\overlay.spec.js:351:27

    attachment #1: screenshot (image/png) ──────────────────────────────────────────────────────────
    ..\..\test-results\overlay-Overlay-Configurat-ee4fd-uration-from-URL-parameters-webkit\test-failed-1.png
    ────────────────────────────────────────────────────────────────────────────────────────────────

    attachment #2: video (video/webm) ──────────────────────────────────────────────────────────────
    ..\..\test-results\overlay-Overlay-Configurat-ee4fd-uration-from-URL-parameters-webkit\video.webm
    ────────────────────────────────────────────────────────────────────────────────────────────────

    Error Context: ..\..\test-results\overlay-Overlay-Configurat-ee4fd-uration-from-URL-parameters-webkit\error-context.md
]]>
</failure>
<system-out>
<![CDATA[
[[ATTACHMENT|..\test-results\overlay-Overlay-Configurat-ee4fd-uration-from-URL-parameters-webkit\test-failed-1.png]]

[[ATTACHMENT|..\test-results\overlay-Overlay-Configurat-ee4fd-uration-from-URL-parameters-webkit\video.webm]]

[[ATTACHMENT|..\test-results\overlay-Overlay-Configurat-ee4fd-uration-from-URL-parameters-webkit\error-context.md]]
]]>
</system-out>
</testcase>
<testcase name="Overlay Configuration › should save overlay preferences" classname="overlay.spec.js" time="10.892">
<failure message="overlay.spec.js:355:3 should save overlay preferences" type="FAILURE">
<![CDATA[  [webkit] › overlay.spec.js:355:3 › Overlay Configuration › should save overlay preferences ───────

    TimeoutError: page.click: Timeout 10000ms exceeded.
    Call log:
      - waiting for locator('.settings-button')


      357 |     
      358 |     // Open settings panel
    > 359 |     await page.click('.settings-button');
          |                ^
      360 |     await expect(page.locator('.overlay-settings')).toBeVisible();
      361 |     
      362 |     // Change settings
        at C:\Users\merce\Documents\poker-game\tests\e2e\overlay.spec.js:359:16

    attachment #1: screenshot (image/png) ──────────────────────────────────────────────────────────
    ..\..\test-results\overlay-Overlay-Configurat-af42b-ld-save-overlay-preferences-webkit\test-failed-1.png
    ────────────────────────────────────────────────────────────────────────────────────────────────

    attachment #2: video (video/webm) ──────────────────────────────────────────────────────────────
    ..\..\test-results\overlay-Overlay-Configurat-af42b-ld-save-overlay-preferences-webkit\video.webm
    ────────────────────────────────────────────────────────────────────────────────────────────────

    Error Context: ..\..\test-results\overlay-Overlay-Configurat-af42b-ld-save-overlay-preferences-webkit\error-context.md
]]>
</failure>
<system-out>
<![CDATA[
[[ATTACHMENT|..\test-results\overlay-Overlay-Configurat-af42b-ld-save-overlay-preferences-webkit\test-failed-1.png]]

[[ATTACHMENT|..\test-results\overlay-Overlay-Configurat-af42b-ld-save-overlay-preferences-webkit\video.webm]]

[[ATTACHMENT|..\test-results\overlay-Overlay-Configurat-af42b-ld-save-overlay-preferences-webkit\error-context.md]]
]]>
</system-out>
</testcase>
<testcase name="Overlay Configuration › should reset to default settings" classname="overlay.spec.js" time="10.709">
<failure message="overlay.spec.js:374:3 should reset to default settings" type="FAILURE">
<![CDATA[  [webkit] › overlay.spec.js:374:3 › Overlay Configuration › should reset to default settings ──────

    TimeoutError: page.click: Timeout 10000ms exceeded.
    Call log:
      - waiting for locator('.settings-button')


      384 |     
      385 |     // Reset settings
    > 386 |     await page.click('.settings-button');
          |                ^
      387 |     await page.click('.reset-settings');
      388 |     
      389 |     // Check defaults are restored
        at C:\Users\merce\Documents\poker-game\tests\e2e\overlay.spec.js:386:16

    attachment #1: screenshot (image/png) ──────────────────────────────────────────────────────────
    ..\..\test-results\overlay-Overlay-Configurat-9ede9-d-reset-to-default-settings-webkit\test-failed-1.png
    ────────────────────────────────────────────────────────────────────────────────────────────────

    attachment #2: video (video/webm) ──────────────────────────────────────────────────────────────
    ..\..\test-results\overlay-Overlay-Configurat-9ede9-d-reset-to-default-settings-webkit\video.webm
    ────────────────────────────────────────────────────────────────────────────────────────────────

    Error Context: ..\..\test-results\overlay-Overlay-Configurat-9ede9-d-reset-to-default-settings-webkit\error-context.md
]]>
</failure>
<system-out>
<![CDATA[
[[ATTACHMENT|..\test-results\overlay-Overlay-Configurat-9ede9-d-reset-to-default-settings-webkit\test-failed-1.png]]

[[ATTACHMENT|..\test-results\overlay-Overlay-Configurat-9ede9-d-reset-to-default-settings-webkit\video.webm]]

[[ATTACHMENT|..\test-results\overlay-Overlay-Configurat-9ede9-d-reset-to-default-settings-webkit\error-context.md]]
]]>
</system-out>
</testcase>
</testsuite>
</testsuites>